<?xml version="1.0" encoding="UTF-8"?>
<coverage generated="1683330326569" clover="3.2.0">
  <project timestamp="1683330326570" name="All files">
    <metrics statements="7" coveredstatements="7" conditionals="0" coveredconditionals="0" methods="1" coveredmethods="1" elements="8" coveredelements="8" complexity="0" loc="7" ncloc="7" packages="1" files="1" classes="1"/>
    <file name="itemCounter.js" path="C:\Users\OG_DAVE\Documents\Microverse\Capstone Project\CineFlix\src\modules\itemCounter.js">
      <metrics statements="7" coveredstatements="7" conditionals="0" coveredconditionals="0" methods="1" coveredmethods="1"/>
      <line num="1" count="1" type="stmt"/>
      <line num="2" count="2" type="stmt"/>
      <line num="3" count="2" type="stmt"/>
      <line num="5" count="2" type="stmt"/>
      <line num="6" count="5" type="stmt"/>
      <line num="8" count="2" type="stmt"/>
      <line num="9" count="2" type="stmt"/>
    </file>
  </project>
</coverage>
